26-03-15 22:51:54.279 : 01_AMCANet
26-03-15 22:51:56.477 : 0000001.png - PSNR: 25.67 dB
26-03-15 22:51:56.577 : 0000002.png - PSNR: 21.01 dB
26-03-15 22:51:56.696 : 0000003.png - PSNR: 26.42 dB
26-03-15 22:51:56.769 : 0000004.png - PSNR: 24.16 dB
26-03-15 22:51:56.944 : 0000005.png - PSNR: 25.11 dB
26-03-15 22:51:57.040 : 0000006.png - PSNR: 20.39 dB
26-03-15 22:51:57.132 : 0000007.png - PSNR: 19.01 dB
26-03-15 22:51:57.197 : 0000008.png - PSNR: 23.38 dB
26-03-15 22:51:57.277 : 0000009.png - PSNR: 23.26 dB
26-03-15 22:51:57.382 : 0000010.png - PSNR: 20.84 dB
26-03-15 22:51:57.466 : 0000011.png - PSNR: 25.66 dB
26-03-15 22:51:57.575 : 0000012.png - PSNR: 25.18 dB
26-03-15 22:51:57.706 : 0000013.png - PSNR: 25.36 dB
26-03-15 22:51:57.769 : 0000014.png - PSNR: 24.79 dB
26-03-15 22:51:57.837 : 0000015.png - PSNR: 22.91 dB
26-03-15 22:51:58.009 : 0000016.png - PSNR: 21.08 dB
26-03-15 22:51:58.081 : 0000017.png - PSNR: 22.52 dB
26-03-15 22:51:58.247 : 0000018.png - PSNR: 25.79 dB
26-03-15 22:51:58.362 : 0000019.png - PSNR: 22.60 dB
26-03-15 22:51:58.497 : 0000020.png - PSNR: 24.97 dB
26-03-15 22:51:58.590 : 0000021.png - PSNR: 24.24 dB
26-03-15 22:51:58.708 : 0000022.png - PSNR: 26.03 dB
26-03-15 22:51:58.842 : 0000023.png - PSNR: 31.45 dB
26-03-15 22:51:58.936 : 0000024.png - PSNR: 20.94 dB
26-03-15 22:51:59.064 : 0000025.png - PSNR: 25.84 dB
26-03-15 22:51:59.148 : 0000026.png - PSNR: 31.66 dB
26-03-15 22:51:59.281 : 0000027.png - PSNR: 22.43 dB
26-03-15 22:51:59.355 : 0000028.png - PSNR: 20.65 dB
26-03-15 22:51:59.454 : 0000029.png - PSNR: 24.56 dB
26-03-15 22:51:59.583 : 0000030.png - PSNR: 23.36 dB
26-03-15 22:51:59.638 : 0000031.png - PSNR: 35.58 dB
26-03-15 22:51:59.741 : 0000032.png - PSNR: 21.33 dB
26-03-15 22:51:59.809 : 0000033.png - PSNR: 24.61 dB
26-03-15 22:51:59.860 : 0000034.png - PSNR: 21.56 dB
26-03-15 22:51:59.932 : 0000035.png - PSNR: 27.46 dB
26-03-15 22:52:00.011 : 0000036.png - PSNR: 21.13 dB
26-03-15 22:52:00.139 : 0000037.png - PSNR: 23.55 dB
26-03-15 22:52:00.240 : 0000038.png - PSNR: 23.56 dB
26-03-15 22:52:00.368 : 0000039.png - PSNR: 22.49 dB
26-03-15 22:52:00.420 : 0000040.png - PSNR: 33.44 dB
26-03-15 22:52:00.536 : 0000041.png - PSNR: 24.79 dB
26-03-15 22:52:00.599 : 0000042.png - PSNR: 21.80 dB
26-03-15 22:52:00.747 : 0000043.png - PSNR: 23.14 dB
26-03-15 22:52:00.828 : 0000044.png - PSNR: 24.06 dB
26-03-15 22:52:00.889 : 0000045.png - PSNR: 25.32 dB
26-03-15 22:52:01.041 : 0000046.png - PSNR: 26.43 dB
26-03-15 22:52:01.255 : 0000047.png - PSNR: 21.36 dB
26-03-15 22:52:01.593 : 0000048.png - PSNR: 29.36 dB
26-03-15 22:52:01.822 : 0000049.png - PSNR: 24.84 dB
26-03-15 22:52:01.908 : 0000050.png - PSNR: 29.72 dB
26-03-15 22:52:01.992 : 0000051.png - PSNR: 23.72 dB
26-03-15 22:52:02.217 : 0000052.png - PSNR: 26.39 dB
26-03-15 22:52:02.535 : 0000053.png - PSNR: 32.05 dB
26-03-15 22:52:02.642 : 0000054.png - PSNR: 27.96 dB
26-03-15 22:52:02.719 : 0000055.png - PSNR: 27.07 dB
26-03-15 22:52:02.840 : 0000056.png - PSNR: 24.73 dB
26-03-15 22:52:02.902 : 0000057.png - PSNR: 22.51 dB
26-03-15 22:52:03.060 : 0000058.png - PSNR: 19.22 dB
26-03-15 22:52:03.167 : 0000059.png - PSNR: 23.25 dB
26-03-15 22:52:03.275 : 0000060.png - PSNR: 22.89 dB
26-03-15 22:52:03.402 : 0000061.png - PSNR: 23.88 dB
26-03-15 22:52:03.514 : 0000062.png - PSNR: 20.86 dB
26-03-15 22:52:03.594 : 0000063.png - PSNR: 21.29 dB
26-03-15 22:52:03.742 : 0000064.png - PSNR: 28.21 dB
26-03-15 22:52:03.878 : 0000065.png - PSNR: 20.96 dB
26-03-15 22:52:03.996 : 0000066.png - PSNR: 24.07 dB
26-03-15 22:52:04.070 : 0000067.png - PSNR: 22.98 dB
26-03-15 22:52:04.173 : 0000068.png - PSNR: 26.69 dB
26-03-15 22:52:04.273 : 0000069.png - PSNR: 29.20 dB
26-03-15 22:52:04.377 : 0000070.png - PSNR: 30.27 dB
26-03-15 22:52:04.448 : 0000071.png - PSNR: 26.46 dB
26-03-15 22:52:04.534 : 0000072.png - PSNR: 26.50 dB
26-03-15 22:52:04.621 : 0000073.png - PSNR: 22.22 dB
26-03-15 22:52:04.743 : 0000074.png - PSNR: 27.42 dB
26-03-15 22:52:04.835 : 0000075.png - PSNR: 28.89 dB
26-03-15 22:52:04.946 : 0000076.png - PSNR: 22.93 dB
26-03-15 22:52:04.993 : 0000077.png - PSNR: 24.42 dB
26-03-15 22:52:05.079 : 0000078.png - PSNR: 26.10 dB
26-03-15 22:52:05.153 : 0000079.png - PSNR: 24.34 dB
26-03-15 22:52:05.290 : 0000080.png - PSNR: 24.21 dB
26-03-15 22:52:05.387 : 0000081.png - PSNR: 23.72 dB
26-03-15 22:52:05.488 : 0000082.png - PSNR: 19.74 dB
26-03-15 22:52:05.599 : 0000083.png - PSNR: 29.89 dB
26-03-15 22:52:05.661 : 0000084.png - PSNR: 31.72 dB
26-03-15 22:52:05.723 : 0000085.png - PSNR: 25.01 dB
26-03-15 22:52:05.821 : 0000086.png - PSNR: 27.18 dB
26-03-15 22:52:05.895 : 0000087.png - PSNR: 31.32 dB
26-03-15 22:52:06.014 : 0000088.png - PSNR: 30.02 dB
26-03-15 22:52:06.075 : 0000089.png - PSNR: 22.61 dB
26-03-15 22:52:06.169 : 0000090.png - PSNR: 21.44 dB
26-03-15 22:52:06.263 : 0000091.png - PSNR: 22.04 dB
26-03-15 22:52:06.383 : 0000092.png - PSNR: 18.93 dB
26-03-15 22:52:06.458 : 0000093.png - PSNR: 24.89 dB
26-03-15 22:52:06.531 : 0000094.png - PSNR: 22.72 dB
26-03-15 22:52:06.613 : 0000095.png - PSNR: 26.51 dB
26-03-15 22:52:06.767 : 0000096.png - PSNR: 29.51 dB
26-03-15 22:52:06.825 : 0000097.png - PSNR: 29.70 dB
26-03-15 22:52:07.054 : 0000098.png - PSNR: 24.10 dB
26-03-15 22:52:07.133 : 0000099.png - PSNR: 21.66 dB
26-03-15 22:52:07.236 : 0000100.png - PSNR: 25.20 dB
26-03-15 22:52:07.482 : 0801.png - PSNR: 29.70 dB
26-03-15 22:52:07.716 : 0802.png - PSNR: 35.17 dB
26-03-15 22:52:07.985 : 0803.png - PSNR: 40.23 dB
26-03-15 22:52:08.177 : 0804.png - PSNR: 27.44 dB
26-03-15 22:52:08.381 : 0805.png - PSNR: 28.57 dB
26-03-15 22:52:08.584 : 0806.png - PSNR: 28.45 dB
26-03-15 22:52:08.731 : 0807.png - PSNR: 20.17 dB
26-03-15 22:52:08.918 : 0808.png - PSNR: 26.82 dB
26-03-15 22:52:09.124 : 0809.png - PSNR: 32.24 dB
26-03-15 22:52:09.342 : 0810.png - PSNR: 26.77 dB
26-03-15 22:52:09.527 : 0811.png - PSNR: 29.13 dB
26-03-15 22:52:09.784 : 0812.png - PSNR: 27.89 dB
26-03-15 22:52:09.984 : 0813.png - PSNR: 31.38 dB
26-03-15 22:52:10.183 : 0814.png - PSNR: 28.30 dB
26-03-15 22:52:10.362 : 0815.png - PSNR: 33.99 dB
26-03-15 22:52:10.560 : 0816.png - PSNR: 31.69 dB
26-03-15 22:52:10.804 : 0817.png - PSNR: 32.15 dB
26-03-15 22:52:11.070 : 0818.png - PSNR: 28.91 dB
26-03-15 22:52:11.295 : 0819.png - PSNR: 28.04 dB
26-03-15 22:52:11.534 : 0820.png - PSNR: 24.90 dB
26-03-15 22:52:11.752 : 0821.png - PSNR: 32.15 dB
26-03-15 22:52:11.992 : 0822.png - PSNR: 30.63 dB
26-03-15 22:52:12.165 : 0823.png - PSNR: 26.01 dB
26-03-15 22:52:12.384 : 0824.png - PSNR: 28.43 dB
26-03-15 22:52:12.604 : 0825.png - PSNR: 27.34 dB
26-03-15 22:52:12.838 : 0826.png - PSNR: 24.21 dB
26-03-15 22:52:13.105 : 0827.png - PSNR: 33.45 dB
26-03-15 22:52:13.320 : 0828.png - PSNR: 21.31 dB
26-03-15 22:52:13.530 : 0829.png - PSNR: 26.60 dB
26-03-15 22:52:13.660 : 0830.png - PSNR: 24.47 dB
26-03-15 22:52:13.859 : 0831.png - PSNR: 30.19 dB
26-03-15 22:52:14.050 : 0832.png - PSNR: 30.79 dB
26-03-15 22:52:14.263 : 0833.png - PSNR: 34.08 dB
26-03-15 22:52:14.452 : 0834.png - PSNR: 25.45 dB
26-03-15 22:52:14.708 : 0835.png - PSNR: 22.92 dB
26-03-15 22:52:14.965 : 0836.png - PSNR: 25.78 dB
26-03-15 22:52:15.195 : 0837.png - PSNR: 26.24 dB
26-03-15 22:52:15.353 : 0838.png - PSNR: 37.77 dB
26-03-15 22:52:15.524 : 0839.png - PSNR: 29.10 dB
26-03-15 22:52:15.723 : 0840.png - PSNR: 28.41 dB
26-03-15 22:52:15.938 : 0841.png - PSNR: 28.15 dB
26-03-15 22:52:16.108 : 0842.png - PSNR: 30.06 dB
26-03-15 22:52:16.314 : 0843.png - PSNR: 41.21 dB
26-03-15 22:52:16.543 : 0844.png - PSNR: 44.06 dB
26-03-15 22:52:16.749 : 0845.png - PSNR: 24.03 dB
26-03-15 22:52:16.957 : 0846.png - PSNR: 25.43 dB
26-03-15 22:52:17.139 : 0847.png - PSNR: 27.71 dB
26-03-15 22:52:17.333 : 0848.png - PSNR: 27.24 dB
26-03-15 22:52:17.531 : 0849.png - PSNR: 22.36 dB
26-03-15 22:52:17.751 : 0850.png - PSNR: 29.12 dB
26-03-15 22:52:17.940 : 0851.png - PSNR: 28.46 dB
26-03-15 22:52:18.115 : 0852.png - PSNR: 30.06 dB
26-03-15 22:52:18.312 : 0853.png - PSNR: 34.17 dB
26-03-15 22:52:18.569 : 0854.png - PSNR: 24.97 dB
26-03-15 22:52:18.878 : 0855.png - PSNR: 29.42 dB
26-03-15 22:52:19.071 : 0856.png - PSNR: 24.31 dB
26-03-15 22:52:19.273 : 0857.png - PSNR: 34.92 dB
26-03-15 22:52:19.477 : 0858.png - PSNR: 28.58 dB
26-03-15 22:52:19.695 : 0859.png - PSNR: 25.57 dB
26-03-15 22:52:19.955 : 0860.png - PSNR: 20.61 dB
26-03-15 22:52:20.178 : 0861.png - PSNR: 23.10 dB
26-03-15 22:52:20.387 : 0862.png - PSNR: 33.17 dB
26-03-15 22:52:20.645 : 0863.png - PSNR: 33.23 dB
26-03-15 22:52:20.888 : 0864.png - PSNR: 29.93 dB
26-03-15 22:52:21.158 : 0865.png - PSNR: 27.29 dB
26-03-15 22:52:21.390 : 0866.png - PSNR: 25.19 dB
26-03-15 22:52:21.634 : 0867.png - PSNR: 28.47 dB
26-03-15 22:52:21.861 : 0868.png - PSNR: 32.87 dB
26-03-15 22:52:22.060 : 0869.png - PSNR: 23.77 dB
26-03-15 22:52:22.307 : 0870.png - PSNR: 28.62 dB
26-03-15 22:52:22.516 : 0871.png - PSNR: 32.10 dB
26-03-15 22:52:22.711 : 0872.png - PSNR: 24.03 dB
26-03-15 22:52:22.907 : 0873.png - PSNR: 24.06 dB
26-03-15 22:52:23.119 : 0874.png - PSNR: 30.18 dB
26-03-15 22:52:23.385 : 0875.png - PSNR: 24.38 dB
26-03-15 22:52:23.624 : 0876.png - PSNR: 22.19 dB
26-03-15 22:52:23.783 : 0877.png - PSNR: 40.13 dB
26-03-15 22:52:24.065 : 0878.png - PSNR: 32.15 dB
26-03-15 22:52:24.340 : 0879.png - PSNR: 27.32 dB
26-03-15 22:52:24.533 : 0880.png - PSNR: 32.27 dB
26-03-15 22:52:24.740 : 0881.png - PSNR: 25.89 dB
26-03-15 22:52:24.969 : 0882.png - PSNR: 34.21 dB
26-03-15 22:52:25.208 : 0883.png - PSNR: 26.40 dB
26-03-15 22:52:25.439 : 0884.png - PSNR: 25.91 dB
26-03-15 22:52:25.649 : 0885.png - PSNR: 22.97 dB
26-03-15 22:52:25.819 : 0886.png - PSNR: 36.38 dB
26-03-15 22:52:26.025 : 0887.png - PSNR: 25.29 dB
26-03-15 22:52:26.229 : 0888.png - PSNR: 30.55 dB
26-03-15 22:52:26.442 : 0889.png - PSNR: 30.85 dB
26-03-15 22:52:26.622 : 0890.png - PSNR: 25.28 dB
26-03-15 22:52:26.873 : 0891.png - PSNR: 26.87 dB
26-03-15 22:52:27.077 : 0892.png - PSNR: 29.99 dB
26-03-15 22:52:27.288 : 0893.png - PSNR: 33.26 dB
26-03-15 22:52:27.534 : 0894.png - PSNR: 31.77 dB
26-03-15 22:52:27.735 : 0895.png - PSNR: 20.41 dB
26-03-15 22:52:27.946 : 0896.png - PSNR: 39.12 dB
26-03-15 22:52:28.125 : 0897.png - PSNR: 22.18 dB
26-03-15 22:52:28.342 : 0898.png - PSNR: 34.50 dB
26-03-15 22:52:28.548 : 0899.png - PSNR: 31.13 dB
26-03-15 22:52:28.730 : 0900.png - PSNR: 27.98 dB
26-03-15 22:52:28.730 :       Max Memory : 260.140 [M]
26-03-15 22:52:28.730 : ------> Average runtime of (valid) is : 30.484027 milliseconds
26-03-15 22:52:28.731 : ------> Average PSNR of (valid) is : 26.897151 dB
26-03-15 22:52:28.746 :     #Activations : 192.1744 [M]
26-03-15 22:52:28.746 :          #Conv2d : 136
26-03-15 22:52:28.894 :            FLOPs : 5.2433 [G]
26-03-15 22:52:28.894 :          #Params : 0.0864 [M]
26-03-16 16:35:53.327 : 17_AMCANet
26-03-16 16:35:57.293 : 0000001.png - PSNR: 25.67 dB
26-03-16 16:35:57.372 : 0000002.png - PSNR: 21.01 dB
26-03-16 16:35:57.486 : 0000003.png - PSNR: 26.42 dB
26-03-16 16:35:57.553 : 0000004.png - PSNR: 24.16 dB
26-03-16 16:35:57.698 : 0000005.png - PSNR: 25.11 dB
26-03-16 16:35:57.776 : 0000006.png - PSNR: 20.39 dB
26-03-16 16:35:57.856 : 0000007.png - PSNR: 19.01 dB
26-03-16 16:35:57.911 : 0000008.png - PSNR: 23.38 dB
26-03-16 16:35:57.988 : 0000009.png - PSNR: 23.26 dB
26-03-16 16:35:58.080 : 0000010.png - PSNR: 20.84 dB
26-03-16 16:35:58.157 : 0000011.png - PSNR: 25.66 dB
26-03-16 16:35:58.264 : 0000012.png - PSNR: 25.18 dB
26-03-16 16:35:58.390 : 0000013.png - PSNR: 25.36 dB
26-03-16 16:35:58.458 : 0000014.png - PSNR: 24.79 dB
26-03-16 16:35:58.518 : 0000015.png - PSNR: 22.91 dB
26-03-16 16:35:58.643 : 0000016.png - PSNR: 21.08 dB
26-03-16 16:35:58.723 : 0000017.png - PSNR: 22.52 dB
26-03-16 16:35:58.858 : 0000018.png - PSNR: 25.79 dB
26-03-16 16:35:58.990 : 0000019.png - PSNR: 22.60 dB
26-03-16 16:35:59.118 : 0000020.png - PSNR: 24.97 dB
26-03-16 16:35:59.212 : 0000021.png - PSNR: 24.24 dB
26-03-16 16:35:59.294 : 0000022.png - PSNR: 26.03 dB
26-03-16 16:35:59.392 : 0000023.png - PSNR: 31.45 dB
26-03-16 16:35:59.462 : 0000024.png - PSNR: 20.94 dB
26-03-16 16:35:59.563 : 0000025.png - PSNR: 25.84 dB
26-03-16 16:35:59.623 : 0000026.png - PSNR: 31.66 dB
26-03-16 16:35:59.714 : 0000027.png - PSNR: 22.43 dB
26-03-16 16:35:59.780 : 0000028.png - PSNR: 20.65 dB
26-03-16 16:35:59.874 : 0000029.png - PSNR: 24.56 dB
26-03-16 16:35:59.999 : 0000030.png - PSNR: 23.36 dB
26-03-16 16:36:00.060 : 0000031.png - PSNR: 35.58 dB
26-03-16 16:36:00.154 : 0000032.png - PSNR: 21.33 dB
26-03-16 16:36:00.217 : 0000033.png - PSNR: 24.61 dB
26-03-16 16:36:00.262 : 0000034.png - PSNR: 21.56 dB
26-03-16 16:36:00.329 : 0000035.png - PSNR: 27.46 dB
26-03-16 16:36:00.393 : 0000036.png - PSNR: 21.13 dB
26-03-16 16:36:00.511 : 0000037.png - PSNR: 23.55 dB
26-03-16 16:36:00.598 : 0000038.png - PSNR: 23.56 dB
26-03-16 16:36:00.726 : 0000039.png - PSNR: 22.49 dB
26-03-16 16:36:00.789 : 0000040.png - PSNR: 33.44 dB
26-03-16 16:36:00.909 : 0000041.png - PSNR: 24.79 dB
26-03-16 16:36:00.978 : 0000042.png - PSNR: 21.80 dB
26-03-16 16:36:01.122 : 0000043.png - PSNR: 23.14 dB
26-03-16 16:36:01.192 : 0000044.png - PSNR: 24.06 dB
26-03-16 16:36:01.250 : 0000045.png - PSNR: 25.32 dB
26-03-16 16:36:01.403 : 0000046.png - PSNR: 26.43 dB
26-03-16 16:36:01.584 : 0000047.png - PSNR: 21.36 dB
26-03-16 16:36:01.851 : 0000048.png - PSNR: 29.36 dB
26-03-16 16:36:02.050 : 0000049.png - PSNR: 24.84 dB
26-03-16 16:36:02.137 : 0000050.png - PSNR: 29.72 dB
26-03-16 16:36:02.218 : 0000051.png - PSNR: 23.72 dB
26-03-16 16:36:02.458 : 0000052.png - PSNR: 26.39 dB
26-03-16 16:36:02.764 : 0000053.png - PSNR: 32.05 dB
26-03-16 16:36:02.844 : 0000054.png - PSNR: 27.96 dB
26-03-16 16:36:02.926 : 0000055.png - PSNR: 27.07 dB
26-03-16 16:36:03.049 : 0000056.png - PSNR: 24.73 dB
26-03-16 16:36:03.109 : 0000057.png - PSNR: 22.51 dB
26-03-16 16:36:03.265 : 0000058.png - PSNR: 19.22 dB
26-03-16 16:36:03.373 : 0000059.png - PSNR: 23.25 dB
26-03-16 16:36:03.481 : 0000060.png - PSNR: 22.89 dB
26-03-16 16:36:03.604 : 0000061.png - PSNR: 23.88 dB
26-03-16 16:36:03.702 : 0000062.png - PSNR: 20.86 dB
26-03-16 16:36:03.772 : 0000063.png - PSNR: 21.29 dB
26-03-16 16:36:03.907 : 0000064.png - PSNR: 28.21 dB
26-03-16 16:36:04.049 : 0000065.png - PSNR: 20.96 dB
26-03-16 16:36:04.159 : 0000066.png - PSNR: 24.07 dB
26-03-16 16:36:04.231 : 0000067.png - PSNR: 22.98 dB
26-03-16 16:36:04.331 : 0000068.png - PSNR: 26.69 dB
26-03-16 16:36:04.425 : 0000069.png - PSNR: 29.20 dB
26-03-16 16:36:04.527 : 0000070.png - PSNR: 30.27 dB
26-03-16 16:36:04.597 : 0000071.png - PSNR: 26.46 dB
26-03-16 16:36:04.696 : 0000072.png - PSNR: 26.50 dB
26-03-16 16:36:04.807 : 0000073.png - PSNR: 22.22 dB
26-03-16 16:36:04.928 : 0000074.png - PSNR: 27.42 dB
26-03-16 16:36:05.020 : 0000075.png - PSNR: 28.89 dB
26-03-16 16:36:05.112 : 0000076.png - PSNR: 22.93 dB
26-03-16 16:36:05.164 : 0000077.png - PSNR: 24.42 dB
26-03-16 16:36:05.249 : 0000078.png - PSNR: 26.10 dB
26-03-16 16:36:05.325 : 0000079.png - PSNR: 24.34 dB
26-03-16 16:36:05.431 : 0000080.png - PSNR: 24.21 dB
26-03-16 16:36:05.525 : 0000081.png - PSNR: 23.72 dB
26-03-16 16:36:05.604 : 0000082.png - PSNR: 19.74 dB
26-03-16 16:36:05.710 : 0000083.png - PSNR: 29.89 dB
26-03-16 16:36:05.778 : 0000084.png - PSNR: 31.72 dB
26-03-16 16:36:05.843 : 0000085.png - PSNR: 25.01 dB
26-03-16 16:36:05.953 : 0000086.png - PSNR: 27.18 dB
26-03-16 16:36:06.029 : 0000087.png - PSNR: 31.32 dB
26-03-16 16:36:06.147 : 0000088.png - PSNR: 30.02 dB
26-03-16 16:36:06.206 : 0000089.png - PSNR: 22.61 dB
26-03-16 16:36:06.310 : 0000090.png - PSNR: 21.44 dB
26-03-16 16:36:06.405 : 0000091.png - PSNR: 22.04 dB
26-03-16 16:36:06.499 : 0000092.png - PSNR: 18.93 dB
26-03-16 16:36:06.568 : 0000093.png - PSNR: 24.89 dB
26-03-16 16:36:06.644 : 0000094.png - PSNR: 22.72 dB
26-03-16 16:36:06.726 : 0000095.png - PSNR: 26.51 dB
26-03-16 16:36:06.875 : 0000096.png - PSNR: 29.51 dB
26-03-16 16:36:06.939 : 0000097.png - PSNR: 29.70 dB
26-03-16 16:36:07.178 : 0000098.png - PSNR: 24.10 dB
26-03-16 16:36:07.253 : 0000099.png - PSNR: 21.66 dB
26-03-16 16:36:07.367 : 0000100.png - PSNR: 25.20 dB
26-03-16 16:36:07.575 : 0801.png - PSNR: 29.70 dB
26-03-16 16:36:07.738 : 0802.png - PSNR: 35.17 dB
26-03-16 16:36:07.964 : 0803.png - PSNR: 40.23 dB
26-03-16 16:36:08.132 : 0804.png - PSNR: 27.44 dB
26-03-16 16:36:08.358 : 0805.png - PSNR: 28.57 dB
26-03-16 16:36:08.553 : 0806.png - PSNR: 28.45 dB
26-03-16 16:36:08.743 : 0807.png - PSNR: 20.17 dB
26-03-16 16:36:08.927 : 0808.png - PSNR: 26.82 dB
26-03-16 16:36:09.142 : 0809.png - PSNR: 32.24 dB
26-03-16 16:36:09.396 : 0810.png - PSNR: 26.77 dB
26-03-16 16:36:09.586 : 0811.png - PSNR: 29.13 dB
26-03-16 16:36:09.829 : 0812.png - PSNR: 27.89 dB
26-03-16 16:36:10.035 : 0813.png - PSNR: 31.38 dB
26-03-16 16:36:10.219 : 0814.png - PSNR: 28.30 dB
26-03-16 16:36:10.397 : 0815.png - PSNR: 33.99 dB
26-03-16 16:36:10.595 : 0816.png - PSNR: 31.69 dB
26-03-16 16:36:10.816 : 0817.png - PSNR: 32.15 dB
26-03-16 16:36:11.065 : 0818.png - PSNR: 28.91 dB
26-03-16 16:36:11.309 : 0819.png - PSNR: 28.04 dB
26-03-16 16:36:11.507 : 0820.png - PSNR: 24.90 dB
26-03-16 16:36:11.734 : 0821.png - PSNR: 32.15 dB
26-03-16 16:36:11.972 : 0822.png - PSNR: 30.63 dB
26-03-16 16:36:12.160 : 0823.png - PSNR: 26.01 dB
26-03-16 16:36:12.365 : 0824.png - PSNR: 28.43 dB
26-03-16 16:36:12.565 : 0825.png - PSNR: 27.34 dB
26-03-16 16:36:12.799 : 0826.png - PSNR: 24.21 dB
26-03-16 16:36:13.053 : 0827.png - PSNR: 33.45 dB
26-03-16 16:36:13.259 : 0828.png - PSNR: 21.31 dB
26-03-16 16:36:13.461 : 0829.png - PSNR: 26.60 dB
26-03-16 16:36:13.602 : 0830.png - PSNR: 24.47 dB
26-03-16 16:36:13.833 : 0831.png - PSNR: 30.19 dB
26-03-16 16:36:14.076 : 0832.png - PSNR: 30.79 dB
26-03-16 16:36:14.285 : 0833.png - PSNR: 34.08 dB
26-03-16 16:36:14.477 : 0834.png - PSNR: 25.45 dB
26-03-16 16:36:14.688 : 0835.png - PSNR: 22.92 dB
26-03-16 16:36:14.922 : 0836.png - PSNR: 25.78 dB
26-03-16 16:36:15.129 : 0837.png - PSNR: 26.24 dB
26-03-16 16:36:15.304 : 0838.png - PSNR: 37.77 dB
26-03-16 16:36:15.484 : 0839.png - PSNR: 29.10 dB
26-03-16 16:36:15.720 : 0840.png - PSNR: 28.41 dB
26-03-16 16:36:15.913 : 0841.png - PSNR: 28.15 dB
26-03-16 16:36:16.092 : 0842.png - PSNR: 30.06 dB
26-03-16 16:36:16.260 : 0843.png - PSNR: 41.21 dB
26-03-16 16:36:16.468 : 0844.png - PSNR: 44.06 dB
26-03-16 16:36:16.663 : 0845.png - PSNR: 24.03 dB
26-03-16 16:36:16.850 : 0846.png - PSNR: 25.43 dB
26-03-16 16:36:17.059 : 0847.png - PSNR: 27.71 dB
26-03-16 16:36:17.282 : 0848.png - PSNR: 27.24 dB
26-03-16 16:36:17.482 : 0849.png - PSNR: 22.36 dB
26-03-16 16:36:17.693 : 0850.png - PSNR: 29.12 dB
26-03-16 16:36:17.890 : 0851.png - PSNR: 28.46 dB
26-03-16 16:36:18.054 : 0852.png - PSNR: 30.06 dB
26-03-16 16:36:18.234 : 0853.png - PSNR: 34.17 dB
26-03-16 16:36:18.386 : 0854.png - PSNR: 24.97 dB
26-03-16 16:36:18.679 : 0855.png - PSNR: 29.42 dB
26-03-16 16:36:18.846 : 0856.png - PSNR: 24.31 dB
26-03-16 16:36:19.044 : 0857.png - PSNR: 34.92 dB
26-03-16 16:36:19.220 : 0858.png - PSNR: 28.58 dB
26-03-16 16:36:19.448 : 0859.png - PSNR: 25.57 dB
26-03-16 16:36:19.654 : 0860.png - PSNR: 20.61 dB
26-03-16 16:36:19.869 : 0861.png - PSNR: 23.10 dB
26-03-16 16:36:20.058 : 0862.png - PSNR: 33.17 dB
26-03-16 16:36:20.287 : 0863.png - PSNR: 33.23 dB
26-03-16 16:36:20.484 : 0864.png - PSNR: 29.93 dB
26-03-16 16:36:20.719 : 0865.png - PSNR: 27.29 dB
26-03-16 16:36:20.908 : 0866.png - PSNR: 25.19 dB
26-03-16 16:36:21.127 : 0867.png - PSNR: 28.47 dB
26-03-16 16:36:21.330 : 0868.png - PSNR: 32.87 dB
26-03-16 16:36:21.526 : 0869.png - PSNR: 23.77 dB
26-03-16 16:36:21.779 : 0870.png - PSNR: 28.62 dB
26-03-16 16:36:21.977 : 0871.png - PSNR: 32.10 dB
26-03-16 16:36:22.207 : 0872.png - PSNR: 24.03 dB
26-03-16 16:36:22.434 : 0873.png - PSNR: 24.06 dB
26-03-16 16:36:22.637 : 0874.png - PSNR: 30.18 dB
26-03-16 16:36:22.904 : 0875.png - PSNR: 24.38 dB
26-03-16 16:36:23.113 : 0876.png - PSNR: 22.19 dB
26-03-16 16:36:23.280 : 0877.png - PSNR: 40.13 dB
26-03-16 16:36:23.537 : 0878.png - PSNR: 32.15 dB
26-03-16 16:36:23.812 : 0879.png - PSNR: 27.32 dB
26-03-16 16:36:24.001 : 0880.png - PSNR: 32.27 dB
26-03-16 16:36:24.203 : 0881.png - PSNR: 25.89 dB
26-03-16 16:36:24.412 : 0882.png - PSNR: 34.21 dB
26-03-16 16:36:24.666 : 0883.png - PSNR: 26.40 dB
26-03-16 16:36:24.874 : 0884.png - PSNR: 25.91 dB
26-03-16 16:36:25.085 : 0885.png - PSNR: 22.97 dB
26-03-16 16:36:25.258 : 0886.png - PSNR: 36.38 dB
26-03-16 16:36:25.476 : 0887.png - PSNR: 25.29 dB
26-03-16 16:36:25.694 : 0888.png - PSNR: 30.55 dB
26-03-16 16:36:25.895 : 0889.png - PSNR: 30.85 dB
26-03-16 16:36:26.084 : 0890.png - PSNR: 25.28 dB
26-03-16 16:36:26.354 : 0891.png - PSNR: 26.87 dB
26-03-16 16:36:26.528 : 0892.png - PSNR: 29.99 dB
26-03-16 16:36:26.693 : 0893.png - PSNR: 33.26 dB
26-03-16 16:36:26.915 : 0894.png - PSNR: 31.77 dB
26-03-16 16:36:27.097 : 0895.png - PSNR: 20.41 dB
26-03-16 16:36:27.283 : 0896.png - PSNR: 39.12 dB
26-03-16 16:36:27.472 : 0897.png - PSNR: 22.18 dB
26-03-16 16:36:27.659 : 0898.png - PSNR: 34.50 dB
26-03-16 16:36:27.903 : 0899.png - PSNR: 31.13 dB
26-03-16 16:36:28.119 : 0900.png - PSNR: 27.98 dB
26-03-16 16:36:28.119 :       Max Memory : 260.140 [M]
26-03-16 16:36:28.119 : ------> Average runtime of (valid) is : 42.542056 milliseconds
26-03-16 16:36:28.119 : ------> Average PSNR of (valid) is : 26.897151 dB
26-03-16 16:36:28.137 :     #Activations : 192.1744 [M]
26-03-16 16:36:28.138 :          #Conv2d : 136
26-03-16 16:36:28.369 :            FLOPs : 5.2433 [G]
26-03-16 16:36:28.370 :          #Params : 0.0864 [M]
